<?xml version="1.0" encoding="UTF-8"?>
<!-- Generated by org.testng.reporters.JUnitReportReporter -->
<testsuite skipped="0" hostname="Vladimir-MacBook-Pro.local" name="core.MiltiplyTest" tests="4" failures="0" timestamp="05 Jul 2019 20:34:44 GMT" time="0.014" errors="0">
  <testcase name="multiply_test_2_param" time="0.010" classname="core.MiltiplyTest"/>
  <testcase name="multiply_test_4_param" time="0.001" classname="core.MiltiplyTest"/>
  <testcase name="multiply_test_instanceOf" time="0.002" classname="core.MiltiplyTest"/>
  <testcase name="multiply_test_3_param" time="0.001" classname="core.MiltiplyTest"/>
</testsuite> <!-- core.MiltiplyTest -->
